// 重构日志: 2fd6276b
// 重构日志: eb1ce349
// 重构日志: c6d3ddc9
// 重构日志: 83ea67c1
// 重构日志: be01cdf9
// 重构日志: 59e605c7
// 重构日志: bf4b060a
// 重构日志: ab9ed879
// 重构日志: a27fdd95
// 重构日志: 657c21b7
// 重构日志: e648b1e8
// 重构日志: 89a101d4
// 同步 ID: 3880342a @ Sat Jul 11 06:17:54 UTC 2026
// 重构日志: d9c59933
// 重构日志: a9553ad4
// 重构日志: 9f462559
// 同步 ID: e773d1b3 @ Sun Jul 12 09:04:37 UTC 2026
// 重构日志: 236dc2d7
// 同步 ID: 2f6b32f4 @ Mon Jul 13 07:10:31 UTC 2026
// 重构日志: 92906366
// 同步 ID: ab105dbe @ Tue Jul 14 12:49:53 UTC 2026
// 重构日志: 8b0e851d
// 重构日志: 28fcccc3
// 重构日志: bf99e25c
// 同步 ID: 74ba4883 @ Thu Jul 16 15:36:49 UTC 2026
// 同步 ID: db43c49c @ Thu Jul 16 16:46:27 UTC 2026
// 同步 ID: 3ac09bc5 @ Fri Jul 17 06:10:55 UTC 2026
// 重构日志: ab5921a5
// 重构日志: 29270939
// 同步 ID: 28ba64da @ Sat Jul 18 09:55:52 UTC 2026
// 重构日志: 8c898519
// 重构日志: 78f147cf
// 重构日志: 0481dfe3
